0 verbose cli /usr/local/bin/node /usr/local/bin/npm
1 info using npm@9.5.1
2 info using node@v18.16.1
3 timing npm:load:whichnode Completed in 3ms
4 timing config:load:defaults Completed in 1ms
5 timing config:load:file:/usr/local/lib/node_modules/npm/npmrc Completed in 0ms
6 timing config:load:builtin Completed in 0ms
7 timing config:load:cli Completed in 1ms
8 timing config:load:env Completed in 0ms
9 timing config:load:project Completed in 1ms
10 timing config:load:file:/app/.npmrc Completed in 1ms
11 timing config:load:user Completed in 1ms
12 timing config:load:file:/usr/local/etc/npmrc Completed in 0ms
13 timing config:load:global Completed in 0ms
14 timing config:load:setEnvs Completed in 0ms
15 timing config:load Completed in 4ms
16 timing npm:load:configload Completed in 5ms
17 timing npm:load:mkdirpcache Completed in 1ms
18 timing npm:load:mkdirplogs Completed in 0ms
19 verbose title npm i axios-case-converter js-cookie
20 verbose argv "i" "axios-case-converter" "js-cookie"
21 timing npm:load:setTitle Completed in 1ms
22 timing config:load:flatten Completed in 1ms
23 timing npm:load:display Completed in 2ms
24 verbose logfile logs-max:10 dir:/app/.npm/_logs/2023-06-27T01_57_46_038Z-
25 verbose logfile /app/.npm/_logs/2023-06-27T01_57_46_038Z-debug-0.log
26 timing npm:load:logFile Completed in 8ms
27 timing npm:load:timers Completed in 0ms
28 timing npm:load:configScope Completed in 0ms
29 timing npm:load Completed in 21ms
30 timing arborist:ctor Completed in 0ms
31 silly logfile done cleaning log files
32 timing idealTree:init Completed in 121ms
33 timing idealTree:userRequests Completed in 1ms
34 silly idealTree buildDeps
35 silly fetch manifest axios-case-converter@*
36 timing arborist:ctor Completed in 0ms
37 http fetch GET 200 https://registry.npmjs.org/axios-case-converter 787ms (cache miss)
38 silly fetch manifest axios@^1.4.0
39 http fetch GET 200 https://registry.npmjs.org/axios 11ms (cache hit)
40 silly fetch manifest js-cookie@*
41 http fetch GET 200 https://registry.npmjs.org/js-cookie 38ms (cache miss)
42 silly placeDep ROOT axios-case-converter@1.1.0 OK for: app@0.1.0 want: *
43 silly placeDep ROOT js-cookie@3.0.5 OK for: app@0.1.0 want: *
44 silly fetch manifest camel-case@^4.1.1
45 silly fetch manifest header-case@^2.0.3
46 silly fetch manifest snake-case@^3.0.3
47 http fetch GET 200 https://registry.npmjs.org/camel-case 39ms (cache miss)
48 http fetch GET 200 https://registry.npmjs.org/header-case 62ms (cache miss)
49 http fetch GET 200 https://registry.npmjs.org/snake-case 67ms (cache miss)
50 timing idealTree:#root Completed in 919ms
51 silly placeDep ROOT camel-case@4.1.2 OK for: axios-case-converter@1.1.0 want: ^4.1.1
52 silly placeDep ROOT header-case@2.0.4 OK for: axios-case-converter@1.1.0 want: ^2.0.3
53 silly placeDep ROOT snake-case@3.0.4 OK for: axios-case-converter@1.1.0 want: ^3.0.3
54 silly fetch manifest pascal-case@^3.1.2
55 silly fetch manifest capital-case@^1.0.4
56 silly fetch manifest dot-case@^3.0.4
57 http fetch GET 200 https://registry.npmjs.org/dot-case 40ms (cache miss)
58 http fetch GET 200 https://registry.npmjs.org/capital-case 46ms (cache miss)
59 http fetch GET 200 https://registry.npmjs.org/pascal-case 203ms (cache miss)
60 timing idealTree:node_modules/axios-case-converter Completed in 208ms
61 silly placeDep ROOT pascal-case@3.1.2 OK for: camel-case@4.1.2 want: ^3.1.2
62 silly fetch manifest no-case@^3.0.4
63 http fetch GET 200 https://registry.npmjs.org/no-case 46ms (cache miss)
64 timing idealTree:node_modules/camel-case Completed in 50ms
65 silly placeDep ROOT capital-case@1.0.4 OK for: header-case@2.0.4 want: ^1.0.4
66 silly fetch manifest upper-case-first@^2.0.2
67 http fetch GET 200 https://registry.npmjs.org/upper-case-first 42ms (cache miss)
68 timing idealTree:node_modules/header-case Completed in 45ms
69 silly placeDep ROOT no-case@3.0.4 OK for: capital-case@1.0.4 want: ^3.0.4
70 silly placeDep ROOT upper-case-first@2.0.2 OK for: capital-case@1.0.4 want: ^2.0.2
71 silly fetch manifest lower-case@^2.0.2
72 http fetch GET 200 https://registry.npmjs.org/lower-case 43ms (cache miss)
73 timing idealTree:node_modules/capital-case Completed in 47ms
74 timing idealTree:node_modules/js-cookie Completed in 0ms
75 silly placeDep ROOT lower-case@2.0.2 OK for: no-case@3.0.4 want: ^2.0.2
76 timing idealTree:node_modules/no-case Completed in 1ms
77 timing idealTree:node_modules/lower-case Completed in 0ms
78 timing idealTree:node_modules/pascal-case Completed in 0ms
79 silly placeDep ROOT dot-case@3.0.4 OK for: snake-case@3.0.4 want: ^3.0.4
80 timing idealTree:node_modules/snake-case Completed in 1ms
81 timing idealTree:node_modules/dot-case Completed in 0ms
82 timing idealTree:node_modules/upper-case-first Completed in 0ms
83 timing idealTree:buildDeps Completed in 1275ms
84 timing idealTree:fixDepFlags Completed in 5ms
85 timing idealTree Completed in 1410ms
86 timing reify:loadTrees Completed in 1412ms
87 timing reify:diffTrees Completed in 35ms
88 silly reify moves {}
89 timing reify:retireShallow Completed in 1ms
90 timing reify:createSparse Completed in 11ms
91 timing reify:loadBundles Completed in 0ms
92 silly audit bulk request {
92 silly audit   '@alloc/quick-lru': [ '5.2.0' ],
92 silly audit   '@babel/runtime': [ '7.22.5' ],
92 silly audit   '@eslint-community/eslint-utils': [ '4.4.0' ],
92 silly audit   '@eslint-community/regexpp': [ '4.5.1' ],
92 silly audit   '@eslint/eslintrc': [ '2.0.3' ],
92 silly audit   '@eslint/js': [ '8.43.0' ],
92 silly audit   '@humanwhocodes/config-array': [ '0.11.10' ],
92 silly audit   '@humanwhocodes/module-importer': [ '1.0.1' ],
92 silly audit   '@humanwhocodes/object-schema': [ '1.2.1' ],
92 silly audit   '@jridgewell/gen-mapping': [ '0.3.3' ],
92 silly audit   '@jridgewell/resolve-uri': [ '3.1.0' ],
92 silly audit   '@jridgewell/set-array': [ '1.1.2' ],
92 silly audit   '@jridgewell/sourcemap-codec': [ '1.4.15', '1.4.14' ],
92 silly audit   '@jridgewell/trace-mapping': [ '0.3.18' ],
92 silly audit   '@next/env': [ '13.4.7' ],
92 silly audit   '@next/eslint-plugin-next': [ '13.4.7' ],
92 silly audit   '@next/swc-darwin-arm64': [ '13.4.7' ],
92 silly audit   '@next/swc-darwin-x64': [ '13.4.7' ],
92 silly audit   '@next/swc-linux-arm64-gnu': [ '13.4.7' ],
92 silly audit   '@next/swc-linux-arm64-musl': [ '13.4.7' ],
92 silly audit   '@next/swc-linux-x64-gnu': [ '13.4.7' ],
92 silly audit   '@next/swc-linux-x64-musl': [ '13.4.7' ],
92 silly audit   '@next/swc-win32-arm64-msvc': [ '13.4.7' ],
92 silly audit   '@next/swc-win32-ia32-msvc': [ '13.4.7' ],
92 silly audit   '@next/swc-win32-x64-msvc': [ '13.4.7' ],
92 silly audit   '@nodelib/fs.scandir': [ '2.1.5' ],
92 silly audit   '@nodelib/fs.stat': [ '2.0.5' ],
92 silly audit   '@nodelib/fs.walk': [ '1.2.8' ],
92 silly audit   '@pkgr/utils': [ '2.4.1' ],
92 silly audit   '@rushstack/eslint-patch': [ '1.3.2' ],
92 silly audit   '@swc/helpers': [ '0.5.1' ],
92 silly audit   '@types/json5': [ '0.0.29' ],
92 silly audit   '@types/node': [ '20.3.1' ],
92 silly audit   '@types/prop-types': [ '15.7.5' ],
92 silly audit   '@types/react': [ '18.2.14' ],
92 silly audit   '@types/react-dom': [ '18.2.6' ],
92 silly audit   '@types/scheduler': [ '0.16.3' ],
92 silly audit   '@typescript-eslint/parser': [ '5.60.0' ],
92 silly audit   '@typescript-eslint/scope-manager': [ '5.60.0' ],
92 silly audit   '@typescript-eslint/types': [ '5.60.0' ],
92 silly audit   '@typescript-eslint/typescript-estree': [ '5.60.0' ],
92 silly audit   '@typescript-eslint/visitor-keys': [ '5.60.0' ],
92 silly audit   acorn: [ '8.9.0' ],
92 silly audit   'acorn-jsx': [ '5.3.2' ],
92 silly audit   ajv: [ '6.12.6' ],
92 silly audit   'ansi-regex': [ '5.0.1' ],
92 silly audit   'ansi-styles': [ '4.3.0' ],
92 silly audit   'any-promise': [ '1.3.0' ],
92 silly audit   anymatch: [ '3.1.3' ],
92 silly audit   arg: [ '5.0.2' ],
92 silly audit   argparse: [ '2.0.1' ],
92 silly audit   'aria-query': [ '5.3.0' ],
92 silly audit   'array-buffer-byte-length': [ '1.0.0' ],
92 silly audit   'array-includes': [ '3.1.6' ],
92 silly audit   'array-union': [ '2.1.0' ],
92 silly audit   'array.prototype.flat': [ '1.3.1' ],
92 silly audit   'array.prototype.flatmap': [ '1.3.1' ],
92 silly audit   'array.prototype.tosorted': [ '1.1.1' ],
92 silly audit   'ast-types-flow': [ '0.0.7' ],
92 silly audit   asynckit: [ '0.4.0' ],
92 silly audit   autoprefixer: [ '10.4.14' ],
92 silly audit   'available-typed-arrays': [ '1.0.5' ],
92 silly audit   'axe-core': [ '4.7.2' ],
92 silly audit   axios: [ '1.4.0' ],
92 silly audit   'axobject-query': [ '3.2.1' ],
92 silly audit   'balanced-match': [ '1.0.2' ],
92 silly audit   'big-integer': [ '1.6.51' ],
92 silly audit   'binary-extensions': [ '2.2.0' ],
92 silly audit   'bplist-parser': [ '0.2.0' ],
92 silly audit   'brace-expansion': [ '1.1.11' ],
92 silly audit   braces: [ '3.0.2' ],
92 silly audit   browserslist: [ '4.21.9' ],
92 silly audit   'bundle-name': [ '3.0.0' ],
92 silly audit   busboy: [ '1.6.0' ],
92 silly audit   'call-bind': [ '1.0.2' ],
92 silly audit   callsites: [ '3.1.0' ],
92 silly audit   'camelcase-css': [ '2.0.1' ],
92 silly audit   'caniuse-lite': [ '1.0.30001508' ],
92 silly audit   chalk: [ '4.1.2' ],
92 silly audit   chokidar: [ '3.5.3' ],
92 silly audit   'glob-parent': [ '5.1.2', '6.0.2' ],
92 silly audit   'client-only': [ '0.0.1' ],
92 silly audit   'color-convert': [ '2.0.1' ],
92 silly audit   'color-name': [ '1.1.4' ],
92 silly audit   'combined-stream': [ '1.0.8' ],
92 silly audit   commander: [ '4.1.1' ],
92 silly audit   'concat-map': [ '0.0.1' ],
92 silly audit   'cross-spawn': [ '7.0.3' ],
92 silly audit   cssesc: [ '3.0.0' ],
92 silly audit   csstype: [ '3.1.2' ],
92 silly audit   'damerau-levenshtein': [ '1.0.8' ],
92 silly audit   debug: [ '4.3.4', '3.2.7' ],
92 silly audit   'deep-is': [ '0.1.4' ],
92 silly audit   'default-browser': [ '4.0.0' ],
92 silly audit   'default-browser-id': [ '3.0.0' ],
92 silly audit   'define-lazy-prop': [ '3.0.0' ],
92 silly audit   'define-properties': [ '1.2.0' ],
92 silly audit   'delayed-stream': [ '1.0.0' ],
92 silly audit   dequal: [ '2.0.3' ],
92 silly audit   didyoumean: [ '1.2.2' ],
92 silly audit   'dir-glob': [ '3.0.1' ],
92 silly audit   dlv: [ '1.1.3' ],
92 silly audit   doctrine: [ '3.0.0', '2.1.0' ],
92 silly audit   'electron-to-chromium': [ '1.4.440' ],
92 silly audit   'emoji-regex': [ '9.2.2' ],
92 silly audit   'enhanced-resolve': [ '5.15.0' ],
92 silly audit   'es-abstract': [ '1.21.2' ],
92 silly audit   'es-set-tostringtag': [ '2.0.1' ],
92 silly audit   'es-shim-unscopables': [ '1.0.0' ],
92 silly audit   'es-to-primitive': [ '1.2.1' ],
92 silly audit   escalade: [ '3.1.1' ],
92 silly audit   'escape-string-regexp': [ '4.0.0' ],
92 silly audit   eslint: [ '8.43.0' ],
92 silly audit   'eslint-config-next': [ '13.4.7' ],
92 silly audit   'eslint-import-resolver-node': [ '0.3.7' ],
92 silly audit   'eslint-import-resolver-typescript': [ '3.5.5' ],
92 silly audit   globby: [ '13.2.0', '11.1.0' ],
92 silly audit   slash: [ '4.0.0', '3.0.0' ],
92 silly audit   'eslint-module-utils': [ '2.8.0' ],
92 silly audit   'eslint-plugin-import': [ '2.27.5' ],
92 silly audit   semver: [ '6.3.0', '7.5.3' ],
92 silly audit   'eslint-plugin-jsx-a11y': [ '6.7.1' ],
92 silly audit   'eslint-plugin-react': [ '7.32.2' ],
92 silly audit   'eslint-plugin-react-hooks': [ '4.6.0' ],
92 silly audit   resolve: [ '2.0.0-next.4', '1.22.2' ],
92 silly audit   'eslint-scope': [ '7.2.0' ],
92 silly audit   'eslint-visitor-keys': [ '3.4.1' ],
92 silly audit   espree: [ '9.5.2' ],
92 silly audit   esquery: [ '1.5.0' ],
92 silly audit   esrecurse: [ '4.3.0' ],
92 silly audit   estraverse: [ '5.3.0' ],
92 silly audit   esutils: [ '2.0.3' ],
92 silly audit   execa: [ '7.1.1', '5.1.1' ],
92 silly audit   'fast-deep-equal': [ '3.1.3' ],
92 silly audit   'fast-glob': [ '3.2.12' ],
92 silly audit   'fast-json-stable-stringify': [ '2.1.0' ],
92 silly audit   'fast-levenshtein': [ '2.0.6' ],
92 silly audit   fastq: [ '1.15.0' ],
92 silly audit   'file-entry-cache': [ '6.0.1' ],
92 silly audit   'fill-range': [ '7.0.1' ],
92 silly audit   'find-up': [ '5.0.0' ],
92 silly audit   'flat-cache': [ '3.0.4' ],
92 silly audit   flatted: [ '3.2.7' ],
92 silly audit   'follow-redirects': [ '1.15.2' ],
92 silly audit   'for-each': [ '0.3.3' ],
92 silly audit   'form-data': [ '4.0.0' ],
92 silly audit   'fraction.js': [ '4.2.0' ],
92 silly audit   'fs.realpath': [ '1.0.0' ],
92 silly audit   fsevents: [ '2.3.2' ],
92 silly audit   'function-bind': [ '1.1.1' ],
92 silly audit   'function.prototype.name': [ '1.1.5' ],
92 silly audit   'functions-have-names': [ '1.2.3' ],
92 silly audit   'get-intrinsic': [ '1.2.1' ],
92 silly audit   'get-stream': [ '6.0.1' ],
92 silly audit   'get-symbol-description': [ '1.0.0' ],
92 silly audit   'get-tsconfig': [ '4.6.0' ],
92 silly audit   glob: [ '7.1.7', '7.1.6' ],
92 silly audit   'glob-to-regexp': [ '0.4.1' ],
92 silly audit   globals: [ '13.20.0' ],
92 silly audit   globalthis: [ '1.0.3' ],
92 silly audit   gopd: [ '1.0.1' ],
92 silly audit   'graceful-fs': [ '4.2.11' ],
92 silly audit   graphemer: [ '1.4.0' ],
92 silly audit   has: [ '1.0.3' ],
92 silly audit   'has-bigints': [ '1.0.2' ],
92 silly audit   'has-flag': [ '4.0.0' ],
92 silly audit   'has-property-descriptors': [ '1.0.0' ],
92 silly audit   'has-proto': [ '1.0.1' ],
92 silly audit   'has-symbols': [ '1.0.3' ],
92 silly audit   'has-tostringtag': [ '1.0.0' ],
92 silly audit   'human-signals': [ '4.3.1', '2.1.0' ],
92 silly audit   ignore: [ '5.2.4' ],
92 silly audit   'import-fresh': [ '3.3.0' ],
92 silly audit   imurmurhash: [ '0.1.4' ],
92 silly audit   inflight: [ '1.0.6' ],
92 silly audit   inherits: [ '2.0.4' ],
92 silly audit   'internal-slot': [ '1.0.5' ],
92 silly audit   'is-array-buffer': [ '3.0.2' ],
92 silly audit   'is-bigint': [ '1.0.4' ],
92 silly audit   'is-binary-path': [ '2.1.0' ],
92 silly audit   'is-boolean-object': [ '1.1.2' ],
92 silly audit   'is-callable': [ '1.2.7' ],
92 silly audit   'is-core-module': [ '2.12.1' ],
92 silly audit   'is-date-object': [ '1.0.5' ],
92 silly audit   'is-docker': [ '3.0.0', '2.2.1' ],
92 silly audit   'is-extglob': [ '2.1.1' ],
92 silly audit   'is-glob': [ '4.0.3' ],
92 silly audit   'is-inside-container': [ '1.0.0' ],
92 silly audit   'is-negative-zero': [ '2.0.2' ],
92 silly audit   'is-number': [ '7.0.0' ],
92 silly audit   'is-number-object': [ '1.0.7' ],
92 silly audit   'is-path-inside': [ '3.0.3' ],
92 silly audit   'is-regex': [ '1.1.4' ],
92 silly audit   'is-shared-array-buffer': [ '1.0.2' ],
92 silly audit   'is-stream': [ '3.0.0', '2.0.1' ],
92 silly audit   'is-string': [ '1.0.7' ],
92 silly audit   'is-symbol': [ '1.0.4' ],
92 silly audit   'is-typed-array': [ '1.1.10' ],
92 silly audit   'is-weakref': [ '1.0.2' ],
92 silly audit   'is-wsl': [ '2.2.0' ],
92 silly audit   isexe: [ '2.0.0' ],
92 silly audit   jiti: [ '1.18.2' ],
92 silly audit   'js-tokens': [ '4.0.0' ],
92 silly audit   'js-yaml': [ '4.1.0' ],
92 silly audit   'json-schema-traverse': [ '0.4.1' ],
92 silly audit   'json-stable-stringify-without-jsonify': [ '1.0.1' ],
92 silly audit   json5: [ '1.0.2' ],
92 silly audit   'jsx-ast-utils': [ '3.3.3' ],
92 silly audit   'language-subtag-registry': [ '0.3.22' ],
92 silly audit   'language-tags': [ '1.0.5' ],
92 silly audit   levn: [ '0.4.1' ],
92 silly audit   lilconfig: [ '2.1.0' ],
92 silly audit   'lines-and-columns': [ '1.2.4' ],
92 silly audit   'locate-path': [ '6.0.0' ],
92 silly audit   'lodash.merge': [ '4.6.2' ],
92 silly audit   'loose-envify': [ '1.4.0' ],
92 silly audit   'lru-cache': [ '6.0.0' ],
92 silly audit   'merge-stream': [ '2.0.0' ],
92 silly audit   merge2: [ '1.4.1' ],
92 silly audit   micromatch: [ '4.0.5' ],
92 silly audit   'mime-db': [ '1.52.0' ],
92 silly audit   'mime-types': [ '2.1.35' ],
92 silly audit   'mimic-fn': [ '4.0.0', '2.1.0' ],
92 silly audit   minimatch: [ '3.1.2' ],
92 silly audit   minimist: [ '1.2.8' ],
92 silly audit   ms: [ '2.1.2' ],
92 silly audit   mz: [ '2.7.0' ],
92 silly audit   nanoid: [ '3.3.6' ],
92 silly audit   'natural-compare': [ '1.4.0' ],
92 silly audit   next: [ '13.4.7' ],
92 silly audit   postcss: [ '8.4.14', '8.4.24' ],
92 silly audit   'node-releases': [ '2.0.12' ],
92 silly audit   'normalize-path': [ '3.0.0' ],
92 silly audit   'normalize-range': [ '0.1.2' ],
92 silly audit   'npm-run-path': [ '5.1.0', '4.0.1' ],
92 silly audit   'path-key': [ '4.0.0', '3.1.1' ],
92 silly audit   'object-assign': [ '4.1.1' ],
92 silly audit   'object-hash': [ '3.0.0' ],
92 silly audit   'object-inspect': [ '1.12.3' ],
92 silly audit   'object-keys': [ '1.1.1' ],
92 silly audit   'object.assign': [ '4.1.4' ],
92 silly audit   'object.entries': [ '1.1.6' ],
92 silly audit   'object.fromentries': [ '2.0.6' ],
92 silly audit   'object.hasown': [ '1.1.2' ],
92 silly audit   'object.values': [ '1.1.6' ],
92 silly audit   once: [ '1.4.0' ],
92 silly audit   onetime: [ '6.0.0', '5.1.2' ],
92 silly audit   open: [ '9.1.0' ],
92 silly audit   optionator: [ '0.9.1' ],
92 silly audit   'p-limit': [ '3.1.0' ],
92 silly audit   'p-locate': [ '5.0.0' ],
92 silly audit   'parent-module': [ '1.0.1' ],
92 silly audit   'path-exists': [ '4.0.0' ],
92 silly audit   'path-is-absolute': [ '1.0.1' ],
92 silly audit   'path-parse': [ '1.0.7' ],
92 silly audit   'path-type': [ '4.0.0' ],
92 silly audit   picocolors: [ '1.0.0' ],
92 silly audit   picomatch: [ '2.3.1' ],
92 silly audit   pify: [ '2.3.0' ],
92 silly audit   pirates: [ '4.0.6' ],
92 silly audit   'postcss-import': [ '15.1.0' ],
92 silly audit   'postcss-js': [ '4.0.1' ],
92 silly audit   'postcss-load-config': [ '4.0.1' ],
92 silly audit   'postcss-nested': [ '6.0.1' ],
92 silly audit   'postcss-selector-parser': [ '6.0.13' ],
92 silly audit   'postcss-value-parser': [ '4.2.0' ],
92 silly audit   'prelude-ls': [ '1.2.1' ],
92 silly audit   'prop-types': [ '15.8.1' ],
92 silly audit   'proxy-from-env': [ '1.1.0' ],
92 silly audit   punycode: [ '2.3.0' ],
92 silly audit   'queue-microtask': [ '1.2.3' ],
92 silly audit   react: [ '18.2.0' ],
92 silly audit   'react-dom': [ '18.2.0' ],
92 silly audit   'react-is': [ '16.13.1' ],
92 silly audit   'read-cache': [ '1.0.0' ],
92 silly audit   readdirp: [ '3.6.0' ],
92 silly audit   'regenerator-runtime': [ '0.13.11' ],
92 silly audit   'regexp.prototype.flags': [ '1.5.0' ],
92 silly audit   'resolve-from': [ '4.0.0' ],
92 silly audit   'resolve-pkg-maps': [ '1.0.0' ],
92 silly audit   reusify: [ '1.0.4' ],
92 silly audit   rimraf: [ '3.0.2' ],
92 silly audit   'run-applescript': [ '5.0.0' ],
92 silly audit   'strip-final-newline': [ '2.0.0', '3.0.0' ],
92 silly audit   'run-parallel': [ '1.2.0' ],
92 silly audit   'safe-regex-test': [ '1.0.0' ],
92 silly audit   scheduler: [ '0.23.0' ],
92 silly audit   'shebang-command': [ '2.0.0' ],
92 silly audit   'shebang-regex': [ '3.0.0' ],
92 silly audit   'side-channel': [ '1.0.4' ],
92 silly audit   'signal-exit': [ '3.0.7' ],
92 silly audit   'source-map-js': [ '1.0.2' ],
92 silly audit   streamsearch: [ '1.1.0' ],
92 silly audit   'string.prototype.matchall': [ '4.0.8' ],
92 silly audit   'string.prototype.trim': [ '1.2.7' ],
92 silly audit   'string.prototype.trimend': [ '1.0.6' ],
92 silly audit   'string.prototype.trimstart': [ '1.0.6' ],
92 silly audit   'strip-ansi': [ '6.0.1' ],
92 silly audit   'strip-bom': [ '3.0.0' ],
92 silly audit   'strip-json-comments': [ '3.1.1' ],
92 silly audit   'styled-jsx': [ '5.1.1' ],
92 silly audit   sucrase: [ '3.32.0' ],
92 silly audit   'supports-color': [ '7.2.0' ],
92 silly audit   'supports-preserve-symlinks-flag': [ '1.0.0' ],
92 silly audit   synckit: [ '0.8.5' ],
92 silly audit   tailwindcss: [ '3.3.2' ],
92 silly audit   tapable: [ '2.2.1' ],
92 silly audit   'text-table': [ '0.2.0' ],
92 silly audit   thenify: [ '3.3.1' ],
92 silly audit   'thenify-all': [ '1.6.0' ],
92 silly audit   titleize: [ '3.0.0' ],
92 silly audit   'to-regex-range': [ '5.0.1' ],
92 silly audit   'ts-interface-checker': [ '0.1.13' ],
92 silly audit   'tsconfig-paths': [ '3.14.2' ],
92 silly audit   tslib: [ '2.5.3', '1.14.1' ],
92 silly audit   tsutils: [ '3.21.0' ],
92 silly audit   'type-check': [ '0.4.0' ],
92 silly audit   'type-fest': [ '0.20.2' ],
92 silly audit   'typed-array-length': [ '1.0.4' ],
92 silly audit   typescript: [ '5.1.3' ],
92 silly audit   'unbox-primitive': [ '1.0.2' ],
92 silly audit   untildify: [ '4.0.0' ],
92 silly audit   'update-browserslist-db': [ '1.0.11' ],
92 silly audit   'uri-js': [ '4.4.1' ],
92 silly audit   'util-deprecate': [ '1.0.2' ],
92 silly audit   watchpack: [ '2.4.0' ],
92 silly audit   which: [ '2.0.2' ],
92 silly audit   'which-boxed-primitive': [ '1.0.2' ],
92 silly audit   'which-typed-array': [ '1.1.9' ],
92 silly audit   'word-wrap': [ '1.2.3' ],
92 silly audit   wrappy: [ '1.0.2' ],
92 silly audit   yallist: [ '4.0.0' ],
92 silly audit   yaml: [ '2.3.1' ],
92 silly audit   'yocto-queue': [ '0.1.0' ],
92 silly audit   zod: [ '3.21.4' ],
92 silly audit   'axios-case-converter': [ '1.1.0' ],
92 silly audit   'js-cookie': [ '3.0.5' ],
92 silly audit   'camel-case': [ '4.1.2' ],
92 silly audit   'header-case': [ '2.0.4' ],
92 silly audit   'snake-case': [ '3.0.4' ],
92 silly audit   'pascal-case': [ '3.1.2' ],
92 silly audit   'capital-case': [ '1.0.4' ],
92 silly audit   'no-case': [ '3.0.4' ],
92 silly audit   'upper-case-first': [ '2.0.2' ],
92 silly audit   'lower-case': [ '2.0.2' ],
92 silly audit   'dot-case': [ '3.0.4' ]
92 silly audit }
93 verbose reify failed optional dependency /app/node_modules/fsevents
94 silly reify mark deleted [ '/app/node_modules/fsevents' ]
95 verbose reify failed optional dependency /app/node_modules/@next/swc-win32-x64-msvc
96 silly reify mark deleted [ '/app/node_modules/@next/swc-win32-x64-msvc' ]
97 verbose reify failed optional dependency /app/node_modules/@next/swc-win32-ia32-msvc
98 silly reify mark deleted [ '/app/node_modules/@next/swc-win32-ia32-msvc' ]
99 verbose reify failed optional dependency /app/node_modules/@next/swc-win32-arm64-msvc
100 silly reify mark deleted [ '/app/node_modules/@next/swc-win32-arm64-msvc' ]
101 verbose reify failed optional dependency /app/node_modules/@next/swc-linux-x64-musl
102 silly reify mark deleted [ '/app/node_modules/@next/swc-linux-x64-musl' ]
103 verbose reify failed optional dependency /app/node_modules/@next/swc-linux-x64-gnu
104 silly reify mark deleted [ '/app/node_modules/@next/swc-linux-x64-gnu' ]
105 verbose reify failed optional dependency /app/node_modules/@next/swc-darwin-x64
106 silly reify mark deleted [ '/app/node_modules/@next/swc-darwin-x64' ]
107 verbose reify failed optional dependency /app/node_modules/@next/swc-darwin-arm64
108 silly reify mark deleted [ '/app/node_modules/@next/swc-darwin-arm64' ]
109 timing reifyNode:node_modules/fsevents Completed in 8ms
110 timing reifyNode:node_modules/@next/swc-win32-x64-msvc Completed in 8ms
111 timing reifyNode:node_modules/@next/swc-win32-ia32-msvc Completed in 8ms
112 timing reifyNode:node_modules/@next/swc-win32-arm64-msvc Completed in 9ms
113 timing reifyNode:node_modules/@next/swc-linux-x64-musl Completed in 9ms
114 timing reifyNode:node_modules/@next/swc-linux-x64-gnu Completed in 9ms
115 timing reifyNode:node_modules/@next/swc-darwin-x64 Completed in 9ms
116 timing reifyNode:node_modules/@next/swc-darwin-arm64 Completed in 10ms
117 silly tarball no local data for no-case@https://registry.npmjs.org/no-case/-/no-case-3.0.4.tgz. Extracting by manifest.
118 silly tarball no local data for dot-case@https://registry.npmjs.org/dot-case/-/dot-case-3.0.4.tgz. Extracting by manifest.
119 silly tarball no local data for lower-case@https://registry.npmjs.org/lower-case/-/lower-case-2.0.2.tgz. Extracting by manifest.
120 silly tarball no local data for upper-case-first@https://registry.npmjs.org/upper-case-first/-/upper-case-first-2.0.2.tgz. Extracting by manifest.
121 silly tarball no local data for snake-case@https://registry.npmjs.org/snake-case/-/snake-case-3.0.4.tgz. Extracting by manifest.
122 silly tarball no local data for pascal-case@https://registry.npmjs.org/pascal-case/-/pascal-case-3.1.2.tgz. Extracting by manifest.
123 silly tarball no local data for camel-case@https://registry.npmjs.org/camel-case/-/camel-case-4.1.2.tgz. Extracting by manifest.
124 silly tarball no local data for capital-case@https://registry.npmjs.org/capital-case/-/capital-case-1.0.4.tgz. Extracting by manifest.
125 silly tarball no local data for header-case@https://registry.npmjs.org/header-case/-/header-case-2.0.4.tgz. Extracting by manifest.
126 silly tarball no local data for js-cookie@https://registry.npmjs.org/js-cookie/-/js-cookie-3.0.5.tgz. Extracting by manifest.
127 silly tarball no local data for axios-case-converter@https://registry.npmjs.org/axios-case-converter/-/axios-case-converter-1.1.0.tgz. Extracting by manifest.
128 http fetch GET 200 https://registry.npmjs.org/dot-case/-/dot-case-3.0.4.tgz 56ms (cache miss)
129 timing reifyNode:node_modules/dot-case Completed in 114ms
130 http fetch GET 200 https://registry.npmjs.org/no-case/-/no-case-3.0.4.tgz 103ms (cache miss)
131 timing reifyNode:node_modules/no-case Completed in 137ms
132 http fetch POST 200 https://registry.npmjs.org/-/npm/v1/security/advisories/bulk 154ms
133 timing auditReport:getReport Completed in 163ms
134 silly audit report {
134 silly audit report   semver: [
134 silly audit report     {
134 silly audit report       id: 1092310,
134 silly audit report       url: 'https://github.com/advisories/GHSA-c2qf-rxjj-qqgw',
134 silly audit report       title: 'semver vulnerable to Regular Expression Denial of Service',
134 silly audit report       severity: 'moderate',
134 silly audit report       vulnerable_versions: '<7.5.2',
134 silly audit report       cwe: [Array],
134 silly audit report       cvss: [Object]
134 silly audit report     }
134 silly audit report   ]
134 silly audit report }
135 http fetch GET 200 https://registry.npmjs.org/upper-case-first/-/upper-case-first-2.0.2.tgz 224ms (cache miss)
136 http fetch GET 200 https://registry.npmjs.org/lower-case/-/lower-case-2.0.2.tgz 233ms (cache miss)
137 http fetch GET 200 https://registry.npmjs.org/pascal-case/-/pascal-case-3.1.2.tgz 235ms (cache miss)
138 http fetch GET 200 https://registry.npmjs.org/camel-case/-/camel-case-4.1.2.tgz 236ms (cache miss)
139 http fetch GET 200 https://registry.npmjs.org/capital-case/-/capital-case-1.0.4.tgz 235ms (cache miss)
140 timing reifyNode:node_modules/upper-case-first Completed in 259ms
141 timing reifyNode:node_modules/lower-case Completed in 264ms
142 http fetch GET 200 https://registry.npmjs.org/snake-case/-/snake-case-3.0.4.tgz 245ms (cache miss)
143 timing metavuln:cache:get:security-advisory:semver:I4c32oeABjRQ7pSB09QCFLZcMmoOZJ7CcL65eBKepUY9VufCkv7209hlPOkVcQCPmmughIXfDgj9552srK+lJQ== Completed in 107ms
144 timing reifyNode:node_modules/pascal-case Completed in 269ms
145 timing reifyNode:node_modules/camel-case Completed in 270ms
146 http fetch GET 200 https://registry.npmjs.org/header-case/-/header-case-2.0.4.tgz 246ms (cache miss)
147 timing reifyNode:node_modules/capital-case Completed in 271ms
148 timing reifyNode:node_modules/snake-case Completed in 271ms
149 timing reifyNode:node_modules/header-case Completed in 272ms
150 http fetch GET 200 https://registry.npmjs.org/js-cookie/-/js-cookie-3.0.5.tgz 252ms (cache miss)
151 timing reifyNode:node_modules/js-cookie Completed in 277ms
152 http fetch GET 200 https://registry.npmjs.org/semver 121ms (cache hit)
153 timing metavuln:packument:semver Completed in 122ms
154 timing metavuln:load:security-advisory:semver:1092310 Completed in 1ms
155 timing metavuln:calculate:security-advisory:semver:1092310 Completed in 125ms
156 timing metavuln:cache:get:security-advisory:eslint-plugin-jsx-a11y:QbePkPidOX9oeJObIorFkP05+FIB6iYOAgXsrGYi6rqUS0s0fWjbKwZvDim1+6m6TQ4iFmflG49bqrZE5oMekw== Completed in 12ms
157 timing metavuln:cache:get:security-advisory:eslint-plugin-import:Dv0lAopRVEoZWKs1bM/o8viTSx+9CW44NSpm8/8oW2IFR9AxpMXOXb0OE4rK3T/OmKWe/X95xA0JZjtKAF+iFQ== Completed in 13ms
158 timing metavuln:cache:get:security-advisory:eslint-plugin-react:z1HD8Q6TGyj4+QHceNvyLwmwvuJzR2Qaa2xXx3b7vbuhYuseVsm5Dye7GbhsKuNOvQRvdmvQlDXHYDP7hAQHhw== Completed in 13ms
159 http fetch GET 200 https://registry.npmjs.org/eslint-plugin-import 23ms (cache hit)
160 timing metavuln:packument:eslint-plugin-import Completed in 26ms
161 timing metavuln:load:security-advisory:eslint-plugin-import:I4c32oeABjRQ7pSB09QCFLZcMmoOZJ7CcL65eBKepUY9VufCkv7209hlPOkVcQCPmmughIXfDgj9552srK+lJQ== Completed in 0ms
162 timing metavuln:calculate:security-advisory:eslint-plugin-import:I4c32oeABjRQ7pSB09QCFLZcMmoOZJ7CcL65eBKepUY9VufCkv7209hlPOkVcQCPmmughIXfDgj9552srK+lJQ== Completed in 28ms
163 http fetch GET 200 https://registry.npmjs.org/eslint-plugin-jsx-a11y 27ms (cache hit)
164 timing metavuln:packument:eslint-plugin-jsx-a11y Completed in 28ms
165 timing metavuln:load:security-advisory:eslint-plugin-jsx-a11y:I4c32oeABjRQ7pSB09QCFLZcMmoOZJ7CcL65eBKepUY9VufCkv7209hlPOkVcQCPmmughIXfDgj9552srK+lJQ== Completed in 1ms
166 timing metavuln:calculate:security-advisory:eslint-plugin-jsx-a11y:I4c32oeABjRQ7pSB09QCFLZcMmoOZJ7CcL65eBKepUY9VufCkv7209hlPOkVcQCPmmughIXfDgj9552srK+lJQ== Completed in 29ms
167 http fetch GET 200 https://registry.npmjs.org/eslint-plugin-react 30ms (cache hit)
168 timing metavuln:packument:eslint-plugin-react Completed in 31ms
169 timing metavuln:load:security-advisory:eslint-plugin-react:I4c32oeABjRQ7pSB09QCFLZcMmoOZJ7CcL65eBKepUY9VufCkv7209hlPOkVcQCPmmughIXfDgj9552srK+lJQ== Completed in 1ms
170 timing metavuln:calculate:security-advisory:eslint-plugin-react:I4c32oeABjRQ7pSB09QCFLZcMmoOZJ7CcL65eBKepUY9VufCkv7209hlPOkVcQCPmmughIXfDgj9552srK+lJQ== Completed in 32ms
171 timing metavuln:cache:get:security-advisory:eslint-import-resolver-typescript:n1XVR25EvdCcgk1l03IPrHZ2mwx0qc0zs3rDWQvH6jGjEEPq1EP/9E6uNzqA+dImYQk9fjwoBNReja6SKWPaaw== Completed in 5ms
172 timing metavuln:cache:get:security-advisory:eslint-config-next:dhO5mcBWy5jwnwTPptj6Y0c/Y56bwtaSNXJ8siWE3pst+rHOvtsCYiomGtRom9I8Uaso5WnFn6EmKb9WDqB3Bg== Completed in 6ms
173 http fetch GET 200 https://registry.npmjs.org/eslint-import-resolver-typescript 19ms (cache hit)
174 timing metavuln:packument:eslint-import-resolver-typescript Completed in 21ms
175 timing metavuln:load:security-advisory:eslint-import-resolver-typescript:Dv0lAopRVEoZWKs1bM/o8viTSx+9CW44NSpm8/8oW2IFR9AxpMXOXb0OE4rK3T/OmKWe/X95xA0JZjtKAF+iFQ== Completed in 0ms
176 timing metavuln:calculate:security-advisory:eslint-import-resolver-typescript:Dv0lAopRVEoZWKs1bM/o8viTSx+9CW44NSpm8/8oW2IFR9AxpMXOXb0OE4rK3T/OmKWe/X95xA0JZjtKAF+iFQ== Completed in 23ms
177 http fetch GET 200 https://registry.npmjs.org/eslint-config-next 27ms (cache hit)
178 timing metavuln:packument:eslint-config-next Completed in 32ms
179 timing metavuln:load:security-advisory:eslint-config-next:Dv0lAopRVEoZWKs1bM/o8viTSx+9CW44NSpm8/8oW2IFR9AxpMXOXb0OE4rK3T/OmKWe/X95xA0JZjtKAF+iFQ== Completed in 5ms
180 timing metavuln:calculate:security-advisory:eslint-config-next:Dv0lAopRVEoZWKs1bM/o8viTSx+9CW44NSpm8/8oW2IFR9AxpMXOXb0OE4rK3T/OmKWe/X95xA0JZjtKAF+iFQ== Completed in 39ms
181 timing metavuln:cache:get:security-advisory:eslint-config-next:SVTIjxirq8Ka+kGwGsVC+KWq9Iq6cz0NqafQnnq/OiovFUN4+dTiKGFqBfMfgtEVZ07ctuSJG7s1wNAjluQV3g== Completed in 4ms
182 timing metavuln:load:security-advisory:eslint-config-next:QbePkPidOX9oeJObIorFkP05+FIB6iYOAgXsrGYi6rqUS0s0fWjbKwZvDim1+6m6TQ4iFmflG49bqrZE5oMekw== Completed in 5ms
183 timing metavuln:calculate:security-advisory:eslint-config-next:QbePkPidOX9oeJObIorFkP05+FIB6iYOAgXsrGYi6rqUS0s0fWjbKwZvDim1+6m6TQ4iFmflG49bqrZE5oMekw== Completed in 12ms
184 timing metavuln:cache:get:security-advisory:eslint-config-next:qOvANSLFQG1hfwVcBpAZxjzmkAKZQBtU2PnkrRsQymSHt8NuRwluECyWPNkW5WOHoCoEoqiQlwDbbE/vpQnFuw== Completed in 5ms
185 timing metavuln:load:security-advisory:eslint-config-next:z1HD8Q6TGyj4+QHceNvyLwmwvuJzR2Qaa2xXx3b7vbuhYuseVsm5Dye7GbhsKuNOvQRvdmvQlDXHYDP7hAQHhw== Completed in 6ms
186 timing metavuln:calculate:security-advisory:eslint-config-next:z1HD8Q6TGyj4+QHceNvyLwmwvuJzR2Qaa2xXx3b7vbuhYuseVsm5Dye7GbhsKuNOvQRvdmvQlDXHYDP7hAQHhw== Completed in 13ms
187 timing auditReport:init Completed in 243ms
188 timing reify:audit Completed in 409ms
189 http fetch GET 200 https://registry.npmjs.org/axios-case-converter/-/axios-case-converter-1.1.0.tgz 379ms (cache miss)
190 timing reifyNode:node_modules/axios-case-converter Completed in 406ms
191 timing reify:unpack Completed in 407ms
192 timing reify:unretire Completed in 0ms
193 timing build:queue Completed in 1ms
194 timing build:deps Completed in 1ms
195 timing build Completed in 3ms
196 timing reify:build Completed in 3ms
197 timing reify:trash Completed in 2ms
198 timing reify:save Completed in 41ms
199 timing reify Completed in 1942ms
200 silly ADD node_modules/dot-case
201 silly ADD node_modules/lower-case
202 silly ADD node_modules/upper-case-first
203 silly ADD node_modules/no-case
204 silly ADD node_modules/capital-case
205 silly ADD node_modules/pascal-case
206 silly ADD node_modules/snake-case
207 silly ADD node_modules/header-case
208 silly ADD node_modules/camel-case
209 silly ADD node_modules/js-cookie
210 silly ADD node_modules/axios-case-converter
211 silly ADD
212 silly ADD
213 silly ADD
214 silly ADD
215 silly ADD
216 silly ADD
217 silly ADD
218 silly ADD
219 timing command:i Completed in 1960ms
220 verbose exit 0
221 timing npm Completed in 1989ms
222 info ok
