0 verbose cli /usr/local/bin/node /usr/local/bin/npm
1 info using npm@9.5.1
2 info using node@v18.16.1
3 timing npm:load:whichnode Completed in 0ms
4 timing config:load:defaults Completed in 1ms
5 timing config:load:file:/usr/local/lib/node_modules/npm/npmrc Completed in 0ms
6 timing config:load:builtin Completed in 0ms
7 timing config:load:cli Completed in 1ms
8 timing config:load:env Completed in 0ms
9 timing config:load:project Completed in 0ms
10 timing config:load:file:/app/.npmrc Completed in 1ms
11 timing config:load:user Completed in 1ms
12 timing config:load:file:/usr/local/etc/npmrc Completed in 0ms
13 timing config:load:global Completed in 0ms
14 timing config:load:setEnvs Completed in 0ms
15 timing config:load Completed in 4ms
16 timing npm:load:configload Completed in 4ms
17 timing npm:load:mkdirpcache Completed in 1ms
18 timing npm:load:mkdirplogs Completed in 0ms
19 verbose title npm i axios
20 verbose argv "i" "axios"
21 timing npm:load:setTitle Completed in 1ms
22 timing config:load:flatten Completed in 2ms
23 timing npm:load:display Completed in 2ms
24 verbose logfile logs-max:10 dir:/app/.npm/_logs/2023-06-27T01_54_23_754Z-
25 verbose logfile /app/.npm/_logs/2023-06-27T01_54_23_754Z-debug-0.log
26 timing npm:load:logFile Completed in 9ms
27 timing npm:load:timers Completed in 0ms
28 timing npm:load:configScope Completed in 0ms
29 timing npm:load Completed in 18ms
30 timing arborist:ctor Completed in 0ms
31 silly logfile done cleaning log files
32 timing idealTree:init Completed in 228ms
33 timing idealTree:userRequests Completed in 2ms
34 silly idealTree buildDeps
35 silly fetch manifest axios@*
36 timing arborist:ctor Completed in 0ms
37 http fetch GET 200 https://registry.npmjs.org/axios 289ms (cache miss)
38 silly placeDep ROOT axios@1.4.0 OK for: app@0.1.0 want: *
39 silly fetch manifest follow-redirects@^1.15.0
40 silly fetch manifest form-data@^4.0.0
41 silly fetch manifest proxy-from-env@^1.1.0
42 http fetch GET 200 https://registry.npmjs.org/follow-redirects 42ms (cache miss)
43 http fetch GET 200 https://registry.npmjs.org/proxy-from-env 68ms (cache miss)
44 http fetch GET 200 https://registry.npmjs.org/form-data 73ms (cache miss)
45 timing idealTree:#root Completed in 372ms
46 silly placeDep ROOT follow-redirects@1.15.2 OK for: axios@1.4.0 want: ^1.15.0
47 silly placeDep ROOT form-data@4.0.0 OK for: axios@1.4.0 want: ^4.0.0
48 silly placeDep ROOT proxy-from-env@1.1.0 OK for: axios@1.4.0 want: ^1.1.0
49 silly fetch manifest asynckit@^0.4.0
50 silly fetch manifest combined-stream@^1.0.8
51 silly fetch manifest mime-types@^2.1.12
52 http fetch GET 200 https://registry.npmjs.org/asynckit 40ms (cache miss)
53 http fetch GET 200 https://registry.npmjs.org/mime-types 42ms (cache miss)
54 http fetch GET 200 https://registry.npmjs.org/combined-stream 68ms (cache miss)
55 timing idealTree:node_modules/axios Completed in 79ms
56 timing idealTree:node_modules/follow-redirects Completed in 0ms
57 silly placeDep ROOT asynckit@0.4.0 OK for: form-data@4.0.0 want: ^0.4.0
58 silly placeDep ROOT combined-stream@1.0.8 OK for: form-data@4.0.0 want: ^1.0.8
59 silly placeDep ROOT mime-types@2.1.35 OK for: form-data@4.0.0 want: ^2.1.12
60 silly fetch manifest delayed-stream@~1.0.0
61 silly fetch manifest mime-db@1.52.0
62 http fetch GET 200 https://registry.npmjs.org/delayed-stream 36ms (cache miss)
63 http fetch GET 200 https://registry.npmjs.org/mime-db 39ms (cache miss)
64 timing idealTree:node_modules/form-data Completed in 45ms
65 timing idealTree:node_modules/asynckit Completed in 0ms
66 silly placeDep ROOT delayed-stream@1.0.0 OK for: combined-stream@1.0.8 want: ~1.0.0
67 timing idealTree:node_modules/combined-stream Completed in 1ms
68 timing idealTree:node_modules/delayed-stream Completed in 0ms
69 silly placeDep ROOT mime-db@1.52.0 OK for: mime-types@2.1.35 want: 1.52.0
70 timing idealTree:node_modules/mime-types Completed in 1ms
71 timing idealTree:node_modules/mime-db Completed in 0ms
72 timing idealTree:node_modules/proxy-from-env Completed in 0ms
73 timing idealTree:buildDeps Completed in 502ms
74 timing idealTree:fixDepFlags Completed in 6ms
75 timing idealTree Completed in 746ms
76 timing reify:loadTrees Completed in 748ms
77 timing reify:diffTrees Completed in 30ms
78 silly reify moves {}
79 timing reify:retireShallow Completed in 1ms
80 timing reify:createSparse Completed in 9ms
81 timing reify:loadBundles Completed in 0ms
82 silly audit bulk request {
82 silly audit   '@alloc/quick-lru': [ '5.2.0' ],
82 silly audit   '@babel/runtime': [ '7.22.5' ],
82 silly audit   '@eslint-community/eslint-utils': [ '4.4.0' ],
82 silly audit   '@eslint-community/regexpp': [ '4.5.1' ],
82 silly audit   '@eslint/eslintrc': [ '2.0.3' ],
82 silly audit   '@eslint/js': [ '8.43.0' ],
82 silly audit   '@humanwhocodes/config-array': [ '0.11.10' ],
82 silly audit   '@humanwhocodes/module-importer': [ '1.0.1' ],
82 silly audit   '@humanwhocodes/object-schema': [ '1.2.1' ],
82 silly audit   '@jridgewell/gen-mapping': [ '0.3.3' ],
82 silly audit   '@jridgewell/resolve-uri': [ '3.1.0' ],
82 silly audit   '@jridgewell/set-array': [ '1.1.2' ],
82 silly audit   '@jridgewell/sourcemap-codec': [ '1.4.15', '1.4.14' ],
82 silly audit   '@jridgewell/trace-mapping': [ '0.3.18' ],
82 silly audit   '@next/env': [ '13.4.7' ],
82 silly audit   '@next/eslint-plugin-next': [ '13.4.7' ],
82 silly audit   '@next/swc-darwin-arm64': [ '13.4.7' ],
82 silly audit   '@next/swc-darwin-x64': [ '13.4.7' ],
82 silly audit   '@next/swc-linux-arm64-gnu': [ '13.4.7' ],
82 silly audit   '@next/swc-linux-arm64-musl': [ '13.4.7' ],
82 silly audit   '@next/swc-linux-x64-gnu': [ '13.4.7' ],
82 silly audit   '@next/swc-linux-x64-musl': [ '13.4.7' ],
82 silly audit   '@next/swc-win32-arm64-msvc': [ '13.4.7' ],
82 silly audit   '@next/swc-win32-ia32-msvc': [ '13.4.7' ],
82 silly audit   '@next/swc-win32-x64-msvc': [ '13.4.7' ],
82 silly audit   '@nodelib/fs.scandir': [ '2.1.5' ],
82 silly audit   '@nodelib/fs.stat': [ '2.0.5' ],
82 silly audit   '@nodelib/fs.walk': [ '1.2.8' ],
82 silly audit   '@pkgr/utils': [ '2.4.1' ],
82 silly audit   '@rushstack/eslint-patch': [ '1.3.2' ],
82 silly audit   '@swc/helpers': [ '0.5.1' ],
82 silly audit   '@types/json5': [ '0.0.29' ],
82 silly audit   '@types/node': [ '20.3.1' ],
82 silly audit   '@types/prop-types': [ '15.7.5' ],
82 silly audit   '@types/react': [ '18.2.14' ],
82 silly audit   '@types/react-dom': [ '18.2.6' ],
82 silly audit   '@types/scheduler': [ '0.16.3' ],
82 silly audit   '@typescript-eslint/parser': [ '5.60.0' ],
82 silly audit   '@typescript-eslint/scope-manager': [ '5.60.0' ],
82 silly audit   '@typescript-eslint/types': [ '5.60.0' ],
82 silly audit   '@typescript-eslint/typescript-estree': [ '5.60.0' ],
82 silly audit   '@typescript-eslint/visitor-keys': [ '5.60.0' ],
82 silly audit   acorn: [ '8.9.0' ],
82 silly audit   'acorn-jsx': [ '5.3.2' ],
82 silly audit   ajv: [ '6.12.6' ],
82 silly audit   'ansi-regex': [ '5.0.1' ],
82 silly audit   'ansi-styles': [ '4.3.0' ],
82 silly audit   'any-promise': [ '1.3.0' ],
82 silly audit   anymatch: [ '3.1.3' ],
82 silly audit   arg: [ '5.0.2' ],
82 silly audit   argparse: [ '2.0.1' ],
82 silly audit   'aria-query': [ '5.3.0' ],
82 silly audit   'array-buffer-byte-length': [ '1.0.0' ],
82 silly audit   'array-includes': [ '3.1.6' ],
82 silly audit   'array-union': [ '2.1.0' ],
82 silly audit   'array.prototype.flat': [ '1.3.1' ],
82 silly audit   'array.prototype.flatmap': [ '1.3.1' ],
82 silly audit   'array.prototype.tosorted': [ '1.1.1' ],
82 silly audit   'ast-types-flow': [ '0.0.7' ],
82 silly audit   autoprefixer: [ '10.4.14' ],
82 silly audit   'available-typed-arrays': [ '1.0.5' ],
82 silly audit   'axe-core': [ '4.7.2' ],
82 silly audit   'axobject-query': [ '3.2.1' ],
82 silly audit   'balanced-match': [ '1.0.2' ],
82 silly audit   'big-integer': [ '1.6.51' ],
82 silly audit   'binary-extensions': [ '2.2.0' ],
82 silly audit   'bplist-parser': [ '0.2.0' ],
82 silly audit   'brace-expansion': [ '1.1.11' ],
82 silly audit   braces: [ '3.0.2' ],
82 silly audit   browserslist: [ '4.21.9' ],
82 silly audit   'bundle-name': [ '3.0.0' ],
82 silly audit   busboy: [ '1.6.0' ],
82 silly audit   'call-bind': [ '1.0.2' ],
82 silly audit   callsites: [ '3.1.0' ],
82 silly audit   'camelcase-css': [ '2.0.1' ],
82 silly audit   'caniuse-lite': [ '1.0.30001508' ],
82 silly audit   chalk: [ '4.1.2' ],
82 silly audit   chokidar: [ '3.5.3' ],
82 silly audit   'glob-parent': [ '5.1.2', '6.0.2' ],
82 silly audit   'client-only': [ '0.0.1' ],
82 silly audit   'color-convert': [ '2.0.1' ],
82 silly audit   'color-name': [ '1.1.4' ],
82 silly audit   commander: [ '4.1.1' ],
82 silly audit   'concat-map': [ '0.0.1' ],
82 silly audit   'cross-spawn': [ '7.0.3' ],
82 silly audit   cssesc: [ '3.0.0' ],
82 silly audit   csstype: [ '3.1.2' ],
82 silly audit   'damerau-levenshtein': [ '1.0.8' ],
82 silly audit   debug: [ '4.3.4', '3.2.7' ],
82 silly audit   'deep-is': [ '0.1.4' ],
82 silly audit   'default-browser': [ '4.0.0' ],
82 silly audit   'default-browser-id': [ '3.0.0' ],
82 silly audit   'define-lazy-prop': [ '3.0.0' ],
82 silly audit   'define-properties': [ '1.2.0' ],
82 silly audit   dequal: [ '2.0.3' ],
82 silly audit   didyoumean: [ '1.2.2' ],
82 silly audit   'dir-glob': [ '3.0.1' ],
82 silly audit   dlv: [ '1.1.3' ],
82 silly audit   doctrine: [ '3.0.0', '2.1.0' ],
82 silly audit   'electron-to-chromium': [ '1.4.440' ],
82 silly audit   'emoji-regex': [ '9.2.2' ],
82 silly audit   'enhanced-resolve': [ '5.15.0' ],
82 silly audit   'es-abstract': [ '1.21.2' ],
82 silly audit   'es-set-tostringtag': [ '2.0.1' ],
82 silly audit   'es-shim-unscopables': [ '1.0.0' ],
82 silly audit   'es-to-primitive': [ '1.2.1' ],
82 silly audit   escalade: [ '3.1.1' ],
82 silly audit   'escape-string-regexp': [ '4.0.0' ],
82 silly audit   eslint: [ '8.43.0' ],
82 silly audit   'eslint-config-next': [ '13.4.7' ],
82 silly audit   'eslint-import-resolver-node': [ '0.3.7' ],
82 silly audit   'eslint-import-resolver-typescript': [ '3.5.5' ],
82 silly audit   globby: [ '13.2.0', '11.1.0' ],
82 silly audit   slash: [ '4.0.0', '3.0.0' ],
82 silly audit   'eslint-module-utils': [ '2.8.0' ],
82 silly audit   'eslint-plugin-import': [ '2.27.5' ],
82 silly audit   semver: [ '6.3.0', '7.5.3' ],
82 silly audit   'eslint-plugin-jsx-a11y': [ '6.7.1' ],
82 silly audit   'eslint-plugin-react': [ '7.32.2' ],
82 silly audit   'eslint-plugin-react-hooks': [ '4.6.0' ],
82 silly audit   resolve: [ '2.0.0-next.4', '1.22.2' ],
82 silly audit   'eslint-scope': [ '7.2.0' ],
82 silly audit   'eslint-visitor-keys': [ '3.4.1' ],
82 silly audit   espree: [ '9.5.2' ],
82 silly audit   esquery: [ '1.5.0' ],
82 silly audit   esrecurse: [ '4.3.0' ],
82 silly audit   estraverse: [ '5.3.0' ],
82 silly audit   esutils: [ '2.0.3' ],
82 silly audit   execa: [ '7.1.1', '5.1.1' ],
82 silly audit   'fast-deep-equal': [ '3.1.3' ],
82 silly audit   'fast-glob': [ '3.2.12' ],
82 silly audit   'fast-json-stable-stringify': [ '2.1.0' ],
82 silly audit   'fast-levenshtein': [ '2.0.6' ],
82 silly audit   fastq: [ '1.15.0' ],
82 silly audit   'file-entry-cache': [ '6.0.1' ],
82 silly audit   'fill-range': [ '7.0.1' ],
82 silly audit   'find-up': [ '5.0.0' ],
82 silly audit   'flat-cache': [ '3.0.4' ],
82 silly audit   flatted: [ '3.2.7' ],
82 silly audit   'for-each': [ '0.3.3' ],
82 silly audit   'fraction.js': [ '4.2.0' ],
82 silly audit   'fs.realpath': [ '1.0.0' ],
82 silly audit   fsevents: [ '2.3.2' ],
82 silly audit   'function-bind': [ '1.1.1' ],
82 silly audit   'function.prototype.name': [ '1.1.5' ],
82 silly audit   'functions-have-names': [ '1.2.3' ],
82 silly audit   'get-intrinsic': [ '1.2.1' ],
82 silly audit   'get-stream': [ '6.0.1' ],
82 silly audit   'get-symbol-description': [ '1.0.0' ],
82 silly audit   'get-tsconfig': [ '4.6.0' ],
82 silly audit   glob: [ '7.1.7', '7.1.6' ],
82 silly audit   'glob-to-regexp': [ '0.4.1' ],
82 silly audit   globals: [ '13.20.0' ],
82 silly audit   globalthis: [ '1.0.3' ],
82 silly audit   gopd: [ '1.0.1' ],
82 silly audit   'graceful-fs': [ '4.2.11' ],
82 silly audit   graphemer: [ '1.4.0' ],
82 silly audit   has: [ '1.0.3' ],
82 silly audit   'has-bigints': [ '1.0.2' ],
82 silly audit   'has-flag': [ '4.0.0' ],
82 silly audit   'has-property-descriptors': [ '1.0.0' ],
82 silly audit   'has-proto': [ '1.0.1' ],
82 silly audit   'has-symbols': [ '1.0.3' ],
82 silly audit   'has-tostringtag': [ '1.0.0' ],
82 silly audit   'human-signals': [ '4.3.1', '2.1.0' ],
82 silly audit   ignore: [ '5.2.4' ],
82 silly audit   'import-fresh': [ '3.3.0' ],
82 silly audit   imurmurhash: [ '0.1.4' ],
82 silly audit   inflight: [ '1.0.6' ],
82 silly audit   inherits: [ '2.0.4' ],
82 silly audit   'internal-slot': [ '1.0.5' ],
82 silly audit   'is-array-buffer': [ '3.0.2' ],
82 silly audit   'is-bigint': [ '1.0.4' ],
82 silly audit   'is-binary-path': [ '2.1.0' ],
82 silly audit   'is-boolean-object': [ '1.1.2' ],
82 silly audit   'is-callable': [ '1.2.7' ],
82 silly audit   'is-core-module': [ '2.12.1' ],
82 silly audit   'is-date-object': [ '1.0.5' ],
82 silly audit   'is-docker': [ '3.0.0', '2.2.1' ],
82 silly audit   'is-extglob': [ '2.1.1' ],
82 silly audit   'is-glob': [ '4.0.3' ],
82 silly audit   'is-inside-container': [ '1.0.0' ],
82 silly audit   'is-negative-zero': [ '2.0.2' ],
82 silly audit   'is-number': [ '7.0.0' ],
82 silly audit   'is-number-object': [ '1.0.7' ],
82 silly audit   'is-path-inside': [ '3.0.3' ],
82 silly audit   'is-regex': [ '1.1.4' ],
82 silly audit   'is-shared-array-buffer': [ '1.0.2' ],
82 silly audit   'is-stream': [ '3.0.0', '2.0.1' ],
82 silly audit   'is-string': [ '1.0.7' ],
82 silly audit   'is-symbol': [ '1.0.4' ],
82 silly audit   'is-typed-array': [ '1.1.10' ],
82 silly audit   'is-weakref': [ '1.0.2' ],
82 silly audit   'is-wsl': [ '2.2.0' ],
82 silly audit   isexe: [ '2.0.0' ],
82 silly audit   jiti: [ '1.18.2' ],
82 silly audit   'js-tokens': [ '4.0.0' ],
82 silly audit   'js-yaml': [ '4.1.0' ],
82 silly audit   'json-schema-traverse': [ '0.4.1' ],
82 silly audit   'json-stable-stringify-without-jsonify': [ '1.0.1' ],
82 silly audit   json5: [ '1.0.2' ],
82 silly audit   'jsx-ast-utils': [ '3.3.3' ],
82 silly audit   'language-subtag-registry': [ '0.3.22' ],
82 silly audit   'language-tags': [ '1.0.5' ],
82 silly audit   levn: [ '0.4.1' ],
82 silly audit   lilconfig: [ '2.1.0' ],
82 silly audit   'lines-and-columns': [ '1.2.4' ],
82 silly audit   'locate-path': [ '6.0.0' ],
82 silly audit   'lodash.merge': [ '4.6.2' ],
82 silly audit   'loose-envify': [ '1.4.0' ],
82 silly audit   'lru-cache': [ '6.0.0' ],
82 silly audit   'merge-stream': [ '2.0.0' ],
82 silly audit   merge2: [ '1.4.1' ],
82 silly audit   micromatch: [ '4.0.5' ],
82 silly audit   'mimic-fn': [ '4.0.0', '2.1.0' ],
82 silly audit   minimatch: [ '3.1.2' ],
82 silly audit   minimist: [ '1.2.8' ],
82 silly audit   ms: [ '2.1.2' ],
82 silly audit   mz: [ '2.7.0' ],
82 silly audit   nanoid: [ '3.3.6' ],
82 silly audit   'natural-compare': [ '1.4.0' ],
82 silly audit   next: [ '13.4.7' ],
82 silly audit   postcss: [ '8.4.14', '8.4.24' ],
82 silly audit   'node-releases': [ '2.0.12' ],
82 silly audit   'normalize-path': [ '3.0.0' ],
82 silly audit   'normalize-range': [ '0.1.2' ],
82 silly audit   'npm-run-path': [ '5.1.0', '4.0.1' ],
82 silly audit   'path-key': [ '4.0.0', '3.1.1' ],
82 silly audit   'object-assign': [ '4.1.1' ],
82 silly audit   'object-hash': [ '3.0.0' ],
82 silly audit   'object-inspect': [ '1.12.3' ],
82 silly audit   'object-keys': [ '1.1.1' ],
82 silly audit   'object.assign': [ '4.1.4' ],
82 silly audit   'object.entries': [ '1.1.6' ],
82 silly audit   'object.fromentries': [ '2.0.6' ],
82 silly audit   'object.hasown': [ '1.1.2' ],
82 silly audit   'object.values': [ '1.1.6' ],
82 silly audit   once: [ '1.4.0' ],
82 silly audit   onetime: [ '6.0.0', '5.1.2' ],
82 silly audit   open: [ '9.1.0' ],
82 silly audit   optionator: [ '0.9.1' ],
82 silly audit   'p-limit': [ '3.1.0' ],
82 silly audit   'p-locate': [ '5.0.0' ],
82 silly audit   'parent-module': [ '1.0.1' ],
82 silly audit   'path-exists': [ '4.0.0' ],
82 silly audit   'path-is-absolute': [ '1.0.1' ],
82 silly audit   'path-parse': [ '1.0.7' ],
82 silly audit   'path-type': [ '4.0.0' ],
82 silly audit   picocolors: [ '1.0.0' ],
82 silly audit   picomatch: [ '2.3.1' ],
82 silly audit   pify: [ '2.3.0' ],
82 silly audit   pirates: [ '4.0.6' ],
82 silly audit   'postcss-import': [ '15.1.0' ],
82 silly audit   'postcss-js': [ '4.0.1' ],
82 silly audit   'postcss-load-config': [ '4.0.1' ],
82 silly audit   'postcss-nested': [ '6.0.1' ],
82 silly audit   'postcss-selector-parser': [ '6.0.13' ],
82 silly audit   'postcss-value-parser': [ '4.2.0' ],
82 silly audit   'prelude-ls': [ '1.2.1' ],
82 silly audit   'prop-types': [ '15.8.1' ],
82 silly audit   punycode: [ '2.3.0' ],
82 silly audit   'queue-microtask': [ '1.2.3' ],
82 silly audit   react: [ '18.2.0' ],
82 silly audit   'react-dom': [ '18.2.0' ],
82 silly audit   'react-is': [ '16.13.1' ],
82 silly audit   'read-cache': [ '1.0.0' ],
82 silly audit   readdirp: [ '3.6.0' ],
82 silly audit   'regenerator-runtime': [ '0.13.11' ],
82 silly audit   'regexp.prototype.flags': [ '1.5.0' ],
82 silly audit   'resolve-from': [ '4.0.0' ],
82 silly audit   'resolve-pkg-maps': [ '1.0.0' ],
82 silly audit   reusify: [ '1.0.4' ],
82 silly audit   rimraf: [ '3.0.2' ],
82 silly audit   'run-applescript': [ '5.0.0' ],
82 silly audit   'strip-final-newline': [ '2.0.0', '3.0.0' ],
82 silly audit   'run-parallel': [ '1.2.0' ],
82 silly audit   'safe-regex-test': [ '1.0.0' ],
82 silly audit   scheduler: [ '0.23.0' ],
82 silly audit   'shebang-command': [ '2.0.0' ],
82 silly audit   'shebang-regex': [ '3.0.0' ],
82 silly audit   'side-channel': [ '1.0.4' ],
82 silly audit   'signal-exit': [ '3.0.7' ],
82 silly audit   'source-map-js': [ '1.0.2' ],
82 silly audit   streamsearch: [ '1.1.0' ],
82 silly audit   'string.prototype.matchall': [ '4.0.8' ],
82 silly audit   'string.prototype.trim': [ '1.2.7' ],
82 silly audit   'string.prototype.trimend': [ '1.0.6' ],
82 silly audit   'string.prototype.trimstart': [ '1.0.6' ],
82 silly audit   'strip-ansi': [ '6.0.1' ],
82 silly audit   'strip-bom': [ '3.0.0' ],
82 silly audit   'strip-json-comments': [ '3.1.1' ],
82 silly audit   'styled-jsx': [ '5.1.1' ],
82 silly audit   sucrase: [ '3.32.0' ],
82 silly audit   'supports-color': [ '7.2.0' ],
82 silly audit   'supports-preserve-symlinks-flag': [ '1.0.0' ],
82 silly audit   synckit: [ '0.8.5' ],
82 silly audit   tailwindcss: [ '3.3.2' ],
82 silly audit   tapable: [ '2.2.1' ],
82 silly audit   'text-table': [ '0.2.0' ],
82 silly audit   thenify: [ '3.3.1' ],
82 silly audit   'thenify-all': [ '1.6.0' ],
82 silly audit   titleize: [ '3.0.0' ],
82 silly audit   'to-regex-range': [ '5.0.1' ],
82 silly audit   'ts-interface-checker': [ '0.1.13' ],
82 silly audit   'tsconfig-paths': [ '3.14.2' ],
82 silly audit   tslib: [ '2.5.3', '1.14.1' ],
82 silly audit   tsutils: [ '3.21.0' ],
82 silly audit   'type-check': [ '0.4.0' ],
82 silly audit   'type-fest': [ '0.20.2' ],
82 silly audit   'typed-array-length': [ '1.0.4' ],
82 silly audit   typescript: [ '5.1.3' ],
82 silly audit   'unbox-primitive': [ '1.0.2' ],
82 silly audit   untildify: [ '4.0.0' ],
82 silly audit   'update-browserslist-db': [ '1.0.11' ],
82 silly audit   'uri-js': [ '4.4.1' ],
82 silly audit   'util-deprecate': [ '1.0.2' ],
82 silly audit   watchpack: [ '2.4.0' ],
82 silly audit   which: [ '2.0.2' ],
82 silly audit   'which-boxed-primitive': [ '1.0.2' ],
82 silly audit   'which-typed-array': [ '1.1.9' ],
82 silly audit   'word-wrap': [ '1.2.3' ],
82 silly audit   wrappy: [ '1.0.2' ],
82 silly audit   yallist: [ '4.0.0' ],
82 silly audit   yaml: [ '2.3.1' ],
82 silly audit   'yocto-queue': [ '0.1.0' ],
82 silly audit   zod: [ '3.21.4' ],
82 silly audit   axios: [ '1.4.0' ],
82 silly audit   'follow-redirects': [ '1.15.2' ],
82 silly audit   'form-data': [ '4.0.0' ],
82 silly audit   'proxy-from-env': [ '1.1.0' ],
82 silly audit   asynckit: [ '0.4.0' ],
82 silly audit   'combined-stream': [ '1.0.8' ],
82 silly audit   'mime-types': [ '2.1.35' ],
82 silly audit   'delayed-stream': [ '1.0.0' ],
82 silly audit   'mime-db': [ '1.52.0' ]
82 silly audit }
83 verbose reify failed optional dependency /app/node_modules/fsevents
84 silly reify mark deleted [ '/app/node_modules/fsevents' ]
85 verbose reify failed optional dependency /app/node_modules/@next/swc-win32-x64-msvc
86 silly reify mark deleted [ '/app/node_modules/@next/swc-win32-x64-msvc' ]
87 verbose reify failed optional dependency /app/node_modules/@next/swc-win32-ia32-msvc
88 silly reify mark deleted [ '/app/node_modules/@next/swc-win32-ia32-msvc' ]
89 verbose reify failed optional dependency /app/node_modules/@next/swc-win32-arm64-msvc
90 silly reify mark deleted [ '/app/node_modules/@next/swc-win32-arm64-msvc' ]
91 verbose reify failed optional dependency /app/node_modules/@next/swc-linux-x64-musl
92 silly reify mark deleted [ '/app/node_modules/@next/swc-linux-x64-musl' ]
93 verbose reify failed optional dependency /app/node_modules/@next/swc-linux-x64-gnu
94 silly reify mark deleted [ '/app/node_modules/@next/swc-linux-x64-gnu' ]
95 verbose reify failed optional dependency /app/node_modules/@next/swc-darwin-x64
96 silly reify mark deleted [ '/app/node_modules/@next/swc-darwin-x64' ]
97 verbose reify failed optional dependency /app/node_modules/@next/swc-darwin-arm64
98 silly reify mark deleted [ '/app/node_modules/@next/swc-darwin-arm64' ]
99 timing reifyNode:node_modules/fsevents Completed in 11ms
100 timing reifyNode:node_modules/@next/swc-win32-x64-msvc Completed in 11ms
101 timing reifyNode:node_modules/@next/swc-win32-ia32-msvc Completed in 11ms
102 timing reifyNode:node_modules/@next/swc-win32-arm64-msvc Completed in 11ms
103 timing reifyNode:node_modules/@next/swc-linux-x64-musl Completed in 12ms
104 timing reifyNode:node_modules/@next/swc-linux-x64-gnu Completed in 12ms
105 timing reifyNode:node_modules/@next/swc-darwin-x64 Completed in 12ms
106 timing reifyNode:node_modules/@next/swc-darwin-arm64 Completed in 12ms
107 silly tarball no local data for mime-types@https://registry.npmjs.org/mime-types/-/mime-types-2.1.35.tgz. Extracting by manifest.
108 silly tarball no local data for mime-db@https://registry.npmjs.org/mime-db/-/mime-db-1.52.0.tgz. Extracting by manifest.
109 silly tarball no local data for combined-stream@https://registry.npmjs.org/combined-stream/-/combined-stream-1.0.8.tgz. Extracting by manifest.
110 silly tarball no local data for proxy-from-env@https://registry.npmjs.org/proxy-from-env/-/proxy-from-env-1.1.0.tgz. Extracting by manifest.
111 silly tarball no local data for asynckit@https://registry.npmjs.org/asynckit/-/asynckit-0.4.0.tgz. Extracting by manifest.
112 silly tarball no local data for delayed-stream@https://registry.npmjs.org/delayed-stream/-/delayed-stream-1.0.0.tgz. Extracting by manifest.
113 silly tarball no local data for form-data@https://registry.npmjs.org/form-data/-/form-data-4.0.0.tgz. Extracting by manifest.
114 silly tarball no local data for follow-redirects@https://registry.npmjs.org/follow-redirects/-/follow-redirects-1.15.2.tgz. Extracting by manifest.
115 silly tarball no local data for axios@https://registry.npmjs.org/axios/-/axios-1.4.0.tgz. Extracting by manifest.
116 http fetch GET 200 https://registry.npmjs.org/mime-types/-/mime-types-2.1.35.tgz 57ms (cache miss)
117 timing reifyNode:node_modules/mime-types Completed in 77ms
118 http fetch GET 200 https://registry.npmjs.org/combined-stream/-/combined-stream-1.0.8.tgz 121ms (cache miss)
119 timing reifyNode:node_modules/combined-stream Completed in 148ms
120 http fetch POST 200 https://registry.npmjs.org/-/npm/v1/security/advisories/bulk 156ms
121 timing auditReport:getReport Completed in 162ms
122 silly audit report {
122 silly audit report   semver: [
122 silly audit report     {
122 silly audit report       id: 1092310,
122 silly audit report       url: 'https://github.com/advisories/GHSA-c2qf-rxjj-qqgw',
122 silly audit report       title: 'semver vulnerable to Regular Expression Denial of Service',
122 silly audit report       severity: 'moderate',
122 silly audit report       vulnerable_versions: '<7.5.2',
122 silly audit report       cwe: [Array],
122 silly audit report       cvss: [Object]
122 silly audit report     }
122 silly audit report   ]
122 silly audit report }
123 http fetch GET 200 https://registry.npmjs.org/delayed-stream/-/delayed-stream-1.0.0.tgz 131ms (cache miss)
124 timing reifyNode:node_modules/delayed-stream Completed in 158ms
125 http fetch GET 200 https://registry.npmjs.org/mime-db/-/mime-db-1.52.0.tgz 146ms (cache miss)
126 timing reifyNode:node_modules/mime-db Completed in 168ms
127 timing metavuln:cache:get:security-advisory:semver:I4c32oeABjRQ7pSB09QCFLZcMmoOZJ7CcL65eBKepUY9VufCkv7209hlPOkVcQCPmmughIXfDgj9552srK+lJQ== Completed in 18ms
128 http fetch GET 200 https://registry.npmjs.org/form-data/-/form-data-4.0.0.tgz 148ms (cache miss)
129 timing reifyNode:node_modules/form-data Completed in 174ms
130 http fetch GET 200 https://registry.npmjs.org/follow-redirects/-/follow-redirects-1.15.2.tgz 149ms (cache miss)
131 timing reifyNode:node_modules/follow-redirects Completed in 177ms
132 http fetch GET 200 https://registry.npmjs.org/proxy-from-env/-/proxy-from-env-1.1.0.tgz 155ms (cache miss)
133 timing reifyNode:node_modules/proxy-from-env Completed in 179ms
134 http fetch GET 200 https://registry.npmjs.org/asynckit/-/asynckit-0.4.0.tgz 163ms (cache miss)
135 timing reifyNode:node_modules/asynckit Completed in 189ms
136 http fetch GET 200 https://registry.npmjs.org/semver 58ms (cache revalidated)
137 timing metavuln:packument:semver Completed in 58ms
138 timing metavuln:load:security-advisory:semver:1092310 Completed in 2ms
139 timing metavuln:calculate:security-advisory:semver:1092310 Completed in 60ms
140 timing metavuln:cache:get:security-advisory:eslint-plugin-import:Dv0lAopRVEoZWKs1bM/o8viTSx+9CW44NSpm8/8oW2IFR9AxpMXOXb0OE4rK3T/OmKWe/X95xA0JZjtKAF+iFQ== Completed in 15ms
141 timing metavuln:cache:get:security-advisory:eslint-plugin-jsx-a11y:QbePkPidOX9oeJObIorFkP05+FIB6iYOAgXsrGYi6rqUS0s0fWjbKwZvDim1+6m6TQ4iFmflG49bqrZE5oMekw== Completed in 15ms
142 timing metavuln:cache:get:security-advisory:eslint-plugin-react:z1HD8Q6TGyj4+QHceNvyLwmwvuJzR2Qaa2xXx3b7vbuhYuseVsm5Dye7GbhsKuNOvQRvdmvQlDXHYDP7hAQHhw== Completed in 15ms
143 http fetch GET 200 https://registry.npmjs.org/eslint-plugin-jsx-a11y 56ms (cache revalidated)
144 timing metavuln:packument:eslint-plugin-jsx-a11y Completed in 57ms
145 timing metavuln:load:security-advisory:eslint-plugin-jsx-a11y:I4c32oeABjRQ7pSB09QCFLZcMmoOZJ7CcL65eBKepUY9VufCkv7209hlPOkVcQCPmmughIXfDgj9552srK+lJQ== Completed in 1ms
146 timing metavuln:calculate:security-advisory:eslint-plugin-jsx-a11y:I4c32oeABjRQ7pSB09QCFLZcMmoOZJ7CcL65eBKepUY9VufCkv7209hlPOkVcQCPmmughIXfDgj9552srK+lJQ== Completed in 58ms
147 http fetch GET 200 https://registry.npmjs.org/eslint-plugin-import 58ms (cache revalidated)
148 timing metavuln:packument:eslint-plugin-import Completed in 61ms
149 timing metavuln:load:security-advisory:eslint-plugin-import:I4c32oeABjRQ7pSB09QCFLZcMmoOZJ7CcL65eBKepUY9VufCkv7209hlPOkVcQCPmmughIXfDgj9552srK+lJQ== Completed in 1ms
150 timing metavuln:calculate:security-advisory:eslint-plugin-import:I4c32oeABjRQ7pSB09QCFLZcMmoOZJ7CcL65eBKepUY9VufCkv7209hlPOkVcQCPmmughIXfDgj9552srK+lJQ== Completed in 62ms
151 http fetch GET 200 https://registry.npmjs.org/eslint-plugin-react 60ms (cache revalidated)
152 timing metavuln:packument:eslint-plugin-react Completed in 63ms
153 timing metavuln:load:security-advisory:eslint-plugin-react:I4c32oeABjRQ7pSB09QCFLZcMmoOZJ7CcL65eBKepUY9VufCkv7209hlPOkVcQCPmmughIXfDgj9552srK+lJQ== Completed in 1ms
154 timing metavuln:calculate:security-advisory:eslint-plugin-react:I4c32oeABjRQ7pSB09QCFLZcMmoOZJ7CcL65eBKepUY9VufCkv7209hlPOkVcQCPmmughIXfDgj9552srK+lJQ== Completed in 64ms
155 timing metavuln:cache:get:security-advisory:eslint-config-next:SVTIjxirq8Ka+kGwGsVC+KWq9Iq6cz0NqafQnnq/OiovFUN4+dTiKGFqBfMfgtEVZ07ctuSJG7s1wNAjluQV3g== Completed in 5ms
156 http fetch GET 200 https://registry.npmjs.org/eslint-config-next 51ms (cache revalidated)
157 timing metavuln:packument:eslint-config-next Completed in 56ms
158 timing metavuln:load:security-advisory:eslint-config-next:QbePkPidOX9oeJObIorFkP05+FIB6iYOAgXsrGYi6rqUS0s0fWjbKwZvDim1+6m6TQ4iFmflG49bqrZE5oMekw== Completed in 6ms
159 timing metavuln:calculate:security-advisory:eslint-config-next:QbePkPidOX9oeJObIorFkP05+FIB6iYOAgXsrGYi6rqUS0s0fWjbKwZvDim1+6m6TQ4iFmflG49bqrZE5oMekw== Completed in 65ms
160 timing metavuln:cache:get:security-advisory:eslint-import-resolver-typescript:n1XVR25EvdCcgk1l03IPrHZ2mwx0qc0zs3rDWQvH6jGjEEPq1EP/9E6uNzqA+dImYQk9fjwoBNReja6SKWPaaw== Completed in 8ms
161 timing metavuln:cache:get:security-advisory:eslint-config-next:dhO5mcBWy5jwnwTPptj6Y0c/Y56bwtaSNXJ8siWE3pst+rHOvtsCYiomGtRom9I8Uaso5WnFn6EmKb9WDqB3Bg== Completed in 10ms
162 timing metavuln:load:security-advisory:eslint-config-next:Dv0lAopRVEoZWKs1bM/o8viTSx+9CW44NSpm8/8oW2IFR9AxpMXOXb0OE4rK3T/OmKWe/X95xA0JZjtKAF+iFQ== Completed in 5ms
163 timing metavuln:calculate:security-advisory:eslint-config-next:Dv0lAopRVEoZWKs1bM/o8viTSx+9CW44NSpm8/8oW2IFR9AxpMXOXb0OE4rK3T/OmKWe/X95xA0JZjtKAF+iFQ== Completed in 15ms
164 http fetch GET 200 https://registry.npmjs.org/eslint-import-resolver-typescript 65ms (cache revalidated)
165 timing metavuln:packument:eslint-import-resolver-typescript Completed in 67ms
166 timing metavuln:load:security-advisory:eslint-import-resolver-typescript:Dv0lAopRVEoZWKs1bM/o8viTSx+9CW44NSpm8/8oW2IFR9AxpMXOXb0OE4rK3T/OmKWe/X95xA0JZjtKAF+iFQ== Completed in 0ms
167 timing metavuln:calculate:security-advisory:eslint-import-resolver-typescript:Dv0lAopRVEoZWKs1bM/o8viTSx+9CW44NSpm8/8oW2IFR9AxpMXOXb0OE4rK3T/OmKWe/X95xA0JZjtKAF+iFQ== Completed in 68ms
168 timing metavuln:cache:get:security-advisory:eslint-config-next:qOvANSLFQG1hfwVcBpAZxjzmkAKZQBtU2PnkrRsQymSHt8NuRwluECyWPNkW5WOHoCoEoqiQlwDbbE/vpQnFuw== Completed in 6ms
169 timing metavuln:load:security-advisory:eslint-config-next:z1HD8Q6TGyj4+QHceNvyLwmwvuJzR2Qaa2xXx3b7vbuhYuseVsm5Dye7GbhsKuNOvQRvdmvQlDXHYDP7hAQHhw== Completed in 5ms
170 timing metavuln:calculate:security-advisory:eslint-config-next:z1HD8Q6TGyj4+QHceNvyLwmwvuJzR2Qaa2xXx3b7vbuhYuseVsm5Dye7GbhsKuNOvQRvdmvQlDXHYDP7hAQHhw== Completed in 11ms
171 timing auditReport:init Completed in 295ms
172 timing reify:audit Completed in 459ms
173 http fetch GET 200 https://registry.npmjs.org/axios/-/axios-1.4.0.tgz 432ms (cache miss)
174 timing reifyNode:node_modules/axios Completed in 460ms
175 timing reify:unpack Completed in 462ms
176 timing reify:unretire Completed in 0ms
177 timing build:queue Completed in 2ms
178 timing build:deps Completed in 2ms
179 timing build Completed in 2ms
180 timing reify:build Completed in 4ms
181 timing reify:trash Completed in 2ms
182 timing reify:save Completed in 56ms
183 timing reify Completed in 1342ms
184 silly ADD node_modules/mime-db
185 silly ADD node_modules/delayed-stream
186 silly ADD node_modules/mime-types
187 silly ADD node_modules/combined-stream
188 silly ADD node_modules/asynckit
189 silly ADD node_modules/proxy-from-env
190 silly ADD node_modules/form-data
191 silly ADD node_modules/follow-redirects
192 silly ADD node_modules/axios
193 silly ADD
194 silly ADD
195 silly ADD
196 silly ADD
197 silly ADD
198 silly ADD
199 silly ADD
200 silly ADD
201 timing command:i Completed in 1366ms
202 verbose exit 0
203 timing npm Completed in 1397ms
204 info ok
