0 verbose cli /usr/local/bin/node /usr/local/lib/node_modules/npm/bin/npm-cli.js
1 info using npm@9.5.1
2 info using node@v18.16.1
3 timing npm:load:whichnode Completed in 1ms
4 timing config:load:defaults Completed in 3ms
5 timing config:load:file:/usr/local/lib/node_modules/npm/npmrc Completed in 0ms
6 timing config:load:builtin Completed in 0ms
7 timing config:load:cli Completed in 1ms
8 timing config:load:env Completed in 0ms
9 timing config:load:project Completed in 2ms
10 timing config:load:file:/app/.npmrc Completed in 0ms
11 timing config:load:user Completed in 0ms
12 timing config:load:file:/usr/local/etc/npmrc Completed in 0ms
13 timing config:load:global Completed in 0ms
14 timing config:load:setEnvs Completed in 0ms
15 timing config:load Completed in 8ms
16 timing npm:load:configload Completed in 9ms
17 timing npm:load:mkdirpcache Completed in 2ms
18 timing npm:load:mkdirplogs Completed in 1ms
19 verbose title npm exec create-next-app
20 verbose argv "exec" "--" "create-next-app"
21 timing npm:load:setTitle Completed in 0ms
22 timing config:load:flatten Completed in 1ms
23 timing npm:load:display Completed in 2ms
24 verbose logfile logs-max:10 dir:/app/.npm/_logs/2023-06-26T17_10_32_599Z-
25 verbose logfile /app/.npm/_logs/2023-06-26T17_10_32_599Z-debug-0.log
26 timing npm:load:logFile Completed in 9ms
27 timing npm:load:timers Completed in 0ms
28 timing npm:load:configScope Completed in 0ms
29 timing npm:load Completed in 24ms
30 silly logfile done cleaning log files
31 timing arborist:ctor Completed in 0ms
32 http fetch GET 200 https://registry.npmjs.org/npm 303ms (cache miss)
33 http fetch GET 200 https://registry.npmjs.org/create-next-app 802ms (cache miss)
34 timing arborist:ctor Completed in 0ms
35 timing arborist:ctor Completed in 1ms
36 timing arborist:ctor Completed in 1ms
37 timing idealTree:init Completed in 17ms
38 timing idealTree:userRequests Completed in 2ms
39 silly idealTree buildDeps
40 silly fetch manifest create-next-app@13.4.7
41 http fetch GET 200 https://registry.npmjs.org/create-next-app 53ms (cache hit)
42 silly placeDep ROOT create-next-app@13.4.7 OK for:  want: 13.4.7
43 timing idealTree:#root Completed in 71ms
44 timing idealTree:node_modules/create-next-app Completed in 0ms
45 timing idealTree:buildDeps Completed in 76ms
46 timing idealTree:fixDepFlags Completed in 0ms
47 timing idealTree Completed in 99ms
48 timing reify:loadTrees Completed in 100ms
49 timing reify:diffTrees Completed in 0ms
50 silly reify moves {}
51 timing reify:retireShallow Completed in 1ms
52 timing reify:createSparse Completed in 5ms
53 timing reify:loadBundles Completed in 0ms
54 silly audit bulk request { 'create-next-app': [ '13.4.7' ] }
55 silly tarball no local data for create-next-app@https://registry.npmjs.org/create-next-app/-/create-next-app-13.4.7.tgz. Extracting by manifest.
56 http fetch POST 200 https://registry.npmjs.org/-/npm/v1/security/advisories/bulk 138ms
57 timing auditReport:getReport Completed in 139ms
58 silly audit report {}
59 timing auditReport:init Completed in 0ms
60 timing reify:audit Completed in 140ms
61 http fetch GET 200 https://registry.npmjs.org/create-next-app/-/create-next-app-13.4.7.tgz 189ms (cache miss)
62 timing reifyNode:node_modules/create-next-app Completed in 195ms
63 timing reify:unpack Completed in 195ms
64 timing reify:unretire Completed in 0ms
65 timing build:queue Completed in 0ms
66 timing build:link:node_modules/create-next-app Completed in 4ms
67 timing build:link Completed in 4ms
68 timing build:deps Completed in 4ms
69 timing build Completed in 4ms
70 timing reify:build Completed in 6ms
71 timing reify:trash Completed in 0ms
72 timing reify:save Completed in 4ms
73 timing reify Completed in 324ms
74 timing command:exec Completed in 66249ms
75 notice
75 notice New [33mminor[39m version of npm available! [31m9.5.1[39m -> [32m9.7.2[39m
75 notice Changelog: [36mhttps://github.com/npm/cli/releases/tag/v9.7.2[39m
75 notice Run [32mnpm install -g npm@9.7.2[39m to update!
75 notice
76 verbose exit 0
77 timing npm Completed in 66289ms
78 info ok
